<?xml version="1.0" encoding="UTF-8"?>
<!-- Generated by org.testng.reporters.JUnitXMLReporter -->
<testsuite ignored="0" hostname="LAPTOP-GVHTHD2P" failures="0" tests="4" name="Surefire test" time="0.025" errors="0" timestamp="2022-04-08T00:31:13 IST">
  <testcase classname="ClassTest" name="MavenTest1" time="0.003"/>
  <testcase classname="ClassTest" name="MavenTest11" time="0.0"/>
  <testcase classname="MavenPack.ClassTest" name="MavenTest1" time="0.0"/>
  <testcase classname="MavenPack.ClassTest" name="MavenTest11" time="0.0"/>
</testsuite> <!-- Surefire test -->
