<?xml version="1.0" encoding="UTF-8"?>
<testng-results ignored="1" total="2" passed="1" failed="0" skipped="0">
  <reporter-output>
  </reporter-output>
  <suite started-at="2022-04-08T00:41:59 IST" name="Suite" finished-at="2022-04-08T00:41:59 IST" duration-ms="21">
    <groups>
    </groups>
    <test started-at="2022-04-08T00:41:59 IST" name="Test" finished-at="2022-04-08T00:41:59 IST" duration-ms="21">
      <class name="MavenPack.ClassTest">
        <test-method signature="MavenTest11()[pri:0, instance:MavenPack.ClassTest@1c93084c]" started-at="2022-04-08T00:41:59 IST" name="MavenTest11" finished-at="2022-04-08T00:41:59 IST" duration-ms="3" status="PASS">
          <reporter-output>
          </reporter-output>
        </test-method> <!-- MavenTest11 -->
      </class> <!-- MavenPack.ClassTest -->
    </test> <!-- Test -->
  </suite> <!-- Suite -->
</testng-results>
